Using pre-set license
Built from '2021.3/staging' branch; Version is '2021.3.21f1 (1b156197d683) revision 1774945'; Using compiler version '192829333'; Build Type 'Release'
OS: 'Windows 10  (10.0.19045) 64bit Core' Language: 'de' Physical Memory: 32653 MB
BatchMode: 1, IsHumanControllingUs: 0, StartBugReporterOnCrash: 0, Is64bit: 1, IsPro: 1

COMMAND LINE ARGUMENTS:
C:\Program Files\Unity\Hub\Editor\2021.3.21f1\Editor\Unity.exe
-adb2
-batchMode
-noUpm
-name
AssetImportWorker2
-projectPath
C:/Unity/P6/VR-multiplayer/networkplayerSpawner
-logFile
Logs/AssetImportWorker2.log
-srvPort
56692
Successfully changed project path to: C:/Unity/P6/VR-multiplayer/networkplayerSpawner
C:/Unity/P6/VR-multiplayer/networkplayerSpawner
[UnityMemory] Configuration Parameters - Can be set up in boot.config
    "memorysetup-bucket-allocator-granularity=16"
    "memorysetup-bucket-allocator-bucket-count=8"
    "memorysetup-bucket-allocator-block-size=33554432"
    "memorysetup-bucket-allocator-block-count=8"
    "memorysetup-main-allocator-block-size=16777216"
    "memorysetup-thread-allocator-block-size=16777216"
    "memorysetup-gfx-main-allocator-block-size=16777216"
    "memorysetup-gfx-thread-allocator-block-size=16777216"
    "memorysetup-cache-allocator-block-size=4194304"
    "memorysetup-typetree-allocator-block-size=2097152"
    "memorysetup-profiler-bucket-allocator-granularity=16"
    "memorysetup-profiler-bucket-allocator-bucket-count=8"
    "memorysetup-profiler-bucket-allocator-block-size=33554432"
    "memorysetup-profiler-bucket-allocator-block-count=8"
    "memorysetup-profiler-allocator-block-size=16777216"
    "memorysetup-profiler-editor-allocator-block-size=1048576"
    "memorysetup-temp-allocator-size-main=16777216"
    "memorysetup-job-temp-allocator-block-size=2097152"
    "memorysetup-job-temp-allocator-block-size-background=1048576"
    "memorysetup-job-temp-allocator-reduction-small-platforms=262144"
    "memorysetup-temp-allocator-size-background-worker=32768"
    "memorysetup-temp-allocator-size-job-worker=262144"
    "memorysetup-temp-allocator-size-preload-manager=33554432"
    "memorysetup-temp-allocator-size-nav-mesh-worker=65536"
    "memorysetup-temp-allocator-size-audio-worker=65536"
    "memorysetup-temp-allocator-size-cloud-worker=32768"
    "memorysetup-temp-allocator-size-gi-baking-worker=262144"
    "memorysetup-temp-allocator-size-gfx=262144"
Player connection [21992] Host "[IP] 192.168.178.43 [Port] 0 [Flags] 2 [Guid] 1126882584 [EditorId] 1126882584 [Version] 1048832 [Id] WindowsEditor(7,DESKTOP-2MHBGSK) [Debug] 1 [PackageName] WindowsEditor [ProjectName] Editor" joined multi-casting on [225.0.0.222:54997]...

Player connection [21992] Host "[IP] 192.168.178.43 [Port] 0 [Flags] 2 [Guid] 1126882584 [EditorId] 1126882584 [Version] 1048832 [Id] WindowsEditor(7,DESKTOP-2MHBGSK) [Debug] 1 [PackageName] WindowsEditor [ProjectName] Editor" joined alternative multi-casting on [225.0.0.222:34997]...

Refreshing native plugins compatible for Editor in 90.14 ms, found 9 plugins.
Preloading 0 native plugins for Editor in 0.00 ms.
Initialize engine version: 2021.3.21f1 (1b156197d683)
[Subsystems] Discovering subsystems at path C:/Program Files/Unity/Hub/Editor/2021.3.21f1/Editor/Data/Resources/UnitySubsystems
[Subsystems] Discovering subsystems at path C:/Unity/P6/VR-multiplayer/networkplayerSpawner/Assets
GfxDevice: creating device client; threaded=0; jobified=0
Direct3D:
    Version:  Direct3D 11.0 [level 11.1]
    Renderer: NVIDIA GeForce RTX 3080 Ti (ID=0x2208)
    Vendor:   NVIDIA
    VRAM:     12100 MB
    Driver:   31.0.15.3598
Initialize mono
Mono path[0] = 'C:/Program Files/Unity/Hub/Editor/2021.3.21f1/Editor/Data/Managed'
Mono path[1] = 'C:/Program Files/Unity/Hub/Editor/2021.3.21f1/Editor/Data/MonoBleedingEdge/lib/mono/unityjit-win32'
Mono config path = 'C:/Program Files/Unity/Hub/Editor/2021.3.21f1/Editor/Data/MonoBleedingEdge/etc'
Using monoOptions --debugger-agent=transport=dt_socket,embedding=1,server=y,suspend=n,address=127.0.0.1:56664
Begin MonoManager ReloadAssembly
Registering precompiled unity dll's ...
Register platform support module: C:/Program Files/Unity/Hub/Editor/2021.3.21f1/Editor/Data/PlaybackEngines/AndroidPlayer/UnityEditor.Android.Extensions.dll
Register platform support module: C:/Program Files/Unity/Hub/Editor/2021.3.21f1/Editor/Data/PlaybackEngines/WindowsStandaloneSupport/UnityEditor.WindowsStandalone.Extensions.dll
Registered in 0.005986 seconds.
Native extension for WindowsStandalone target not found
Native extension for Android target not found
Android Extension - Scanning For ADB Devices 204 ms
Refreshing native plugins compatible for Editor in 71.31 ms, found 9 plugins.
Preloading 0 native plugins for Editor in 0.00 ms.
Mono: successfully reloaded assembly
- Completed reload, in  0.670 seconds
Domain Reload Profiling:
	ReloadAssembly (670ms)
		BeginReloadAssembly (64ms)
			ExecutionOrderSort (0ms)
			DisableScriptedObjects (0ms)
			BackupInstance (0ms)
			ReleaseScriptingObjects (0ms)
			CreateAndSetChildDomain (1ms)
		EndReloadAssembly (536ms)
			LoadAssemblies (63ms)
			RebuildTransferFunctionScriptingTraits (0ms)
			SetupTypeCache (68ms)
			ReleaseScriptCaches (0ms)
			RebuildScriptCaches (16ms)
			SetupLoadedEditorAssemblies (415ms)
				LogAssemblyErrors (0ms)
				InitializePlatformSupportModulesInManaged (259ms)
				SetLoadedEditorAssemblies (0ms)
				RefreshPlugins (71ms)
				BeforeProcessingInitializeOnLoad (1ms)
				ProcessInitializeOnLoadAttributes (57ms)
				ProcessInitializeOnLoadMethodAttributes (27ms)
				AfterProcessingInitializeOnLoad (0ms)
				EditorAssembliesLoaded (0ms)
			ExecutionOrderSort2 (0ms)
			AwakeInstancesAfterBackupRestoration (0ms)
Platform modules already initialized, skipping
Registering precompiled user dll's ...
Registered in 0.010538 seconds.
Begin MonoManager ReloadAssembly
Symbol file LoadedFromMemory doesn't match image C:\Unity\P6\VR-multiplayer\networkplayerSpawner\Library\PackageCache\com.unity.visualscripting@1.8.0\Editor\VisualScripting.Core\Dependencies\DotNetZip\Unity.VisualScripting.IonicZip.dll
Symbol file LoadedFromMemory doesn't match image C:\Unity\P6\VR-multiplayer\networkplayerSpawner\Library\PackageCache\com.unity.visualscripting@1.8.0\Editor\VisualScripting.Core\Dependencies\YamlDotNet\Unity.VisualScripting.YamlDotNet.dll
Native extension for WindowsStandalone target not found
Native extension for Android target not found
Refreshing native plugins compatible for Editor in 72.17 ms, found 9 plugins.
Preloading 0 native plugins for Editor in 0.00 ms.
Package Manager log level set to [2]
Mono: successfully reloaded assembly
- Completed reload, in  0.923 seconds
Domain Reload Profiling:
	ReloadAssembly (923ms)
		BeginReloadAssembly (81ms)
			ExecutionOrderSort (0ms)
			DisableScriptedObjects (4ms)
			BackupInstance (0ms)
			ReleaseScriptingObjects (0ms)
			CreateAndSetChildDomain (14ms)
		EndReloadAssembly (763ms)
			LoadAssemblies (80ms)
			RebuildTransferFunctionScriptingTraits (0ms)
			SetupTypeCache (179ms)
			ReleaseScriptCaches (1ms)
			RebuildScriptCaches (44ms)
			SetupLoadedEditorAssemblies (418ms)
				LogAssemblyErrors (0ms)
				InitializePlatformSupportModulesInManaged (11ms)
				SetLoadedEditorAssemblies (0ms)
				RefreshPlugins (72ms)
				BeforeProcessingInitializeOnLoad (83ms)
				ProcessInitializeOnLoadAttributes (191ms)
				ProcessInitializeOnLoadMethodAttributes (53ms)
				AfterProcessingInitializeOnLoad (8ms)
				EditorAssembliesLoaded (0ms)
			ExecutionOrderSort2 (0ms)
			AwakeInstancesAfterBackupRestoration (4ms)
Platform modules already initialized, skipping
========================================================================
Worker process is ready to serve import requests
Launched and connected shader compiler UnityShaderCompiler.exe after 0.04 seconds
Refreshing native plugins compatible for Editor in 1.10 ms, found 9 plugins.
Preloading 0 native plugins for Editor in 0.00 ms.
Unloading 5839 Unused Serialized files (Serialized files now loaded: 0)
Unloading 64 unused Assets / (0.7 MB). Loaded Objects now: 6270.
Memory consumption went from 230.5 MB to 229.7 MB.
Total: 4.001400 ms (FindLiveObjects: 0.553500 ms CreateObjectMapping: 0.178800 ms MarkObjects: 2.811000 ms  DeleteObjects: 0.457400 ms)

AssetImportParameters requested are different than current active one (requested -> active):
  custom:video-decoder-ogg-theora: a1e56fd34408186e4bbccfd4996cb3dc -> 
  custom:container-muxer-webm: aa71ff27fc2769a1b78a27578f13a17b -> 
  custom:container-demuxer-webm: 4f35f7cbe854078d1ac9338744f61a02 -> 
  custom:video-encoder-webm-vp8: eb34c28f22e8b96e1ab97ce403110664 -> 
  custom:audio-encoder-webm-vorbis: bf7c407c2cedff20999df2af8eb42d56 -> 
  custom:framework-win-MediaFoundation: 216162199b28c13a410421893ffa2e32 -> 
  custom:container-demuxer-ogg: 62fdf1f143b41e24485cea50d1cbac27 -> 
  custom:video-decoder-webm-vp8: 9c59270c3fd7afecdb556c50c9e8de78 -> 
  custom:audio-decoder-ogg-vorbis: bf7c407c2cedff20999df2af8eb42d56 -> 
========================================================================
Received Import Request.
  Time since last request: 690573.268132 seconds.
  path: Assets/GlassShader/LICENSE.md
  artifactKey: Guid(4362d723b7c0c9d44a3f184cf5677432) Importer(815301076,1909f56bfc062723c751e8b465ee728b)
Start importing Assets/GlassShader/LICENSE.md using Guid(4362d723b7c0c9d44a3f184cf5677432) Importer(815301076,1909f56bfc062723c751e8b465ee728b)  -> (artifact id: '89cba690c3c07577392e0aefb7f5007d') in 0.039828 seconds 
========================================================================
Received Import Request.
  Time since last request: 453.395629 seconds.
  path: Assets/GlassShader/ViveController.png
  artifactKey: Guid(72e9012d6f65cd24fbb39eba84a8418d) Importer(815301076,1909f56bfc062723c751e8b465ee728b)
Start importing Assets/GlassShader/ViveController.png using Guid(72e9012d6f65cd24fbb39eba84a8418d) Importer(815301076,1909f56bfc062723c751e8b465ee728b)  -> (artifact id: '80872492ecccda1459947fed78464907') in 0.041692 seconds 
========================================================================
Received Import Request.
  Time since last request: 35.032451 seconds.
  path: Assets/ViveController.png
  artifactKey: Guid(4239d5fe28e950944aef0912c8178f9d) Importer(815301076,1909f56bfc062723c751e8b465ee728b)
Start importing Assets/ViveController.png using Guid(4239d5fe28e950944aef0912c8178f9d) Importer(815301076,1909f56bfc062723c751e8b465ee728b)  -> (artifact id: 'ed07ead2af911bf095787b2c856a5c94') in 0.007705 seconds 
========================================================================
Received Import Request.
  Time since last request: 12.179408 seconds.
  path: Assets/ViveController.png
  artifactKey: Guid(4239d5fe28e950944aef0912c8178f9d) Importer(815301076,1909f56bfc062723c751e8b465ee728b)
Start importing Assets/ViveController.png using Guid(4239d5fe28e950944aef0912c8178f9d) Importer(815301076,1909f56bfc062723c751e8b465ee728b)  -> (artifact id: 'dc36e18bbe317f543466bc159e1d52f9') in 0.242936 seconds 
========================================================================
Received Import Request.
  Time since last request: 111.716987 seconds.
  path: Assets/Materials
  artifactKey: Guid(9946840a316d74900bcc360e0cc50a38) Importer(815301076,1909f56bfc062723c751e8b465ee728b)
Start importing Assets/Materials using Guid(9946840a316d74900bcc360e0cc50a38) Importer(815301076,1909f56bfc062723c751e8b465ee728b)  -> (artifact id: 'c24de8b77e70c5fdcbe7d6760ac0319b') in 0.006647 seconds 
========================================================================
Received Import Request.
  Time since last request: 389.136566 seconds.
  path: Assets/ViveController.png
  artifactKey: Guid(4239d5fe28e950944aef0912c8178f9d) Importer(815301076,1909f56bfc062723c751e8b465ee728b)
Start importing Assets/ViveController.png using Guid(4239d5fe28e950944aef0912c8178f9d) Importer(815301076,1909f56bfc062723c751e8b465ee728b)  -> (artifact id: '73f619691bd16990c795ec14d14ebf4a') in 0.012583 seconds 
========================================================================
Received Import Request.
  Time since last request: 3.038471 seconds.
  path: Assets/ViveController.png
  artifactKey: Guid(4239d5fe28e950944aef0912c8178f9d) Importer(815301076,1909f56bfc062723c751e8b465ee728b)
Start importing Assets/ViveController.png using Guid(4239d5fe28e950944aef0912c8178f9d) Importer(815301076,1909f56bfc062723c751e8b465ee728b)  -> (artifact id: '4305998038c9a4c7fbc3ed0aee067980') in 0.068716 seconds 
========================================================================
Received Import Request.
  Time since last request: 149.770465 seconds.
  path: Assets/ViveControllerSahdow.png
  artifactKey: Guid(5c5a786c223c5a8438edd097a8a69da0) Importer(815301076,1909f56bfc062723c751e8b465ee728b)
Start importing Assets/ViveControllerSahdow.png using Guid(5c5a786c223c5a8438edd097a8a69da0) Importer(815301076,1909f56bfc062723c751e8b465ee728b)  -> (artifact id: 'bd3cc02e8635ef305805ebe548132bcc') in 0.011863 seconds 
========================================================================
Received Import Request.
  Time since last request: 3.745322 seconds.
  path: Assets/ViveControllerSahdow.png
  artifactKey: Guid(5c5a786c223c5a8438edd097a8a69da0) Importer(815301076,1909f56bfc062723c751e8b465ee728b)
Start importing Assets/ViveControllerSahdow.png using Guid(5c5a786c223c5a8438edd097a8a69da0) Importer(815301076,1909f56bfc062723c751e8b465ee728b)  -> (artifact id: 'f8053535389640fe0fcf7f3ec366e1dc') in 0.069524 seconds 
========================================================================
Received Prepare
Registering precompiled user dll's ...
Registered in 0.008041 seconds.
Begin MonoManager ReloadAssembly
Symbol file LoadedFromMemory doesn't match image C:\Unity\P6\VR-multiplayer\networkplayerSpawner\Library\PackageCache\com.unity.visualscripting@1.8.0\Editor\VisualScripting.Core\Dependencies\DotNetZip\Unity.VisualScripting.IonicZip.dll
Symbol file LoadedFromMemory doesn't match image C:\Unity\P6\VR-multiplayer\networkplayerSpawner\Library\PackageCache\com.unity.visualscripting@1.8.0\Editor\VisualScripting.Core\Dependencies\YamlDotNet\Unity.VisualScripting.YamlDotNet.dll
Native extension for WindowsStandalone target not found
Native extension for Android target not found
Refreshing native plugins compatible for Editor in 0.95 ms, found 9 plugins.
Preloading 0 native plugins for Editor in 0.00 ms.
Mono: successfully reloaded assembly
- Completed reload, in  0.815 seconds
Domain Reload Profiling:
	ReloadAssembly (815ms)
		BeginReloadAssembly (104ms)
			ExecutionOrderSort (0ms)
			DisableScriptedObjects (3ms)
			BackupInstance (0ms)
			ReleaseScriptingObjects (0ms)
			CreateAndSetChildDomain (30ms)
		EndReloadAssembly (641ms)
			LoadAssemblies (69ms)
			RebuildTransferFunctionScriptingTraits (0ms)
			SetupTypeCache (175ms)
			ReleaseScriptCaches (1ms)
			RebuildScriptCaches (36ms)
			SetupLoadedEditorAssemblies (303ms)
				LogAssemblyErrors (0ms)
				InitializePlatformSupportModulesInManaged (12ms)
				SetLoadedEditorAssemblies (0ms)
				RefreshPlugins (1ms)
				BeforeProcessingInitializeOnLoad (59ms)
				ProcessInitializeOnLoadAttributes (170ms)
				ProcessInitializeOnLoadMethodAttributes (54ms)
				AfterProcessingInitializeOnLoad (6ms)
				EditorAssembliesLoaded (0ms)
			ExecutionOrderSort2 (0ms)
			AwakeInstancesAfterBackupRestoration (9ms)
Platform modules already initialized, skipping
Refreshing native plugins compatible for Editor in 4.28 ms, found 9 plugins.
Preloading 0 native plugins for Editor in 0.00 ms.
Unloading 5695 Unused Serialized files (Serialized files now loaded: 0)
Unloading 53 unused Assets / (0.7 MB). Loaded Objects now: 6289.
Memory consumption went from 224.2 MB to 223.5 MB.
Total: 3.252800 ms (FindLiveObjects: 0.338800 ms CreateObjectMapping: 0.122200 ms MarkObjects: 2.572500 ms  DeleteObjects: 0.218700 ms)

AssetImportParameters requested are different than current active one (requested -> active):
  custom:video-decoder-ogg-theora: a1e56fd34408186e4bbccfd4996cb3dc -> 
  custom:container-muxer-webm: aa71ff27fc2769a1b78a27578f13a17b -> 
  custom:container-demuxer-webm: 4f35f7cbe854078d1ac9338744f61a02 -> 
  custom:video-encoder-webm-vp8: eb34c28f22e8b96e1ab97ce403110664 -> 
  custom:audio-encoder-webm-vorbis: bf7c407c2cedff20999df2af8eb42d56 -> 
  custom:framework-win-MediaFoundation: 216162199b28c13a410421893ffa2e32 -> 
  custom:container-demuxer-ogg: 62fdf1f143b41e24485cea50d1cbac27 -> 
  custom:video-decoder-webm-vp8: 9c59270c3fd7afecdb556c50c9e8de78 -> 
  custom:audio-decoder-ogg-vorbis: bf7c407c2cedff20999df2af8eb42d56 -> 
========================================================================
Received Import Request.
  Time since last request: 1529.810829 seconds.
  path: Assets/creature.png
  artifactKey: Guid(a1c3892416170394dacd43e70dc9235d) Importer(815301076,1909f56bfc062723c751e8b465ee728b)
Start importing Assets/creature.png using Guid(a1c3892416170394dacd43e70dc9235d) Importer(815301076,1909f56bfc062723c751e8b465ee728b)  -> (artifact id: '62a56c6a4afb6b6223435fe6950c152c') in 0.040290 seconds 
========================================================================
Received Import Request.
  Time since last request: 7.148685 seconds.
  path: Assets/creature.png
  artifactKey: Guid(a1c3892416170394dacd43e70dc9235d) Importer(815301076,1909f56bfc062723c751e8b465ee728b)
Start importing Assets/creature.png using Guid(a1c3892416170394dacd43e70dc9235d) Importer(815301076,1909f56bfc062723c751e8b465ee728b)  -> (artifact id: 'c72d1aad408ffa9486c5bdea8cbdc816') in 0.160074 seconds 
========================================================================
Received Import Request.
  Time since last request: 0.536412 seconds.
  path: Assets/cube.png
  artifactKey: Guid(40c5f5f10d303874d843c6e8632682d7) Importer(815301076,1909f56bfc062723c751e8b465ee728b)
Start importing Assets/cube.png using Guid(40c5f5f10d303874d843c6e8632682d7) Importer(815301076,1909f56bfc062723c751e8b465ee728b)  -> (artifact id: 'b4a2dc7d36541e104d9078b7b70b8e82') in 0.010592 seconds 
========================================================================
Received Import Request.
  Time since last request: 4.164141 seconds.
  path: Assets/cube.png
  artifactKey: Guid(40c5f5f10d303874d843c6e8632682d7) Importer(815301076,1909f56bfc062723c751e8b465ee728b)
Start importing Assets/cube.png using Guid(40c5f5f10d303874d843c6e8632682d7) Importer(815301076,1909f56bfc062723c751e8b465ee728b)  -> (artifact id: '82d93d4c13fdb7ae46de8f370d473636') in 0.158132 seconds 
========================================================================
Received Import Request.
  Time since last request: 0.788093 seconds.
  path: Assets/pyramid.png
  artifactKey: Guid(78c69425c44877242887c2f277aaa2d8) Importer(815301076,1909f56bfc062723c751e8b465ee728b)
Start importing Assets/pyramid.png using Guid(78c69425c44877242887c2f277aaa2d8) Importer(815301076,1909f56bfc062723c751e8b465ee728b)  -> (artifact id: '0d9878f6ac12ef367c1fe32ce48379e7') in 0.011956 seconds 
========================================================================
Received Import Request.
  Time since last request: 3.277371 seconds.
  path: Assets/pyramid.png
  artifactKey: Guid(78c69425c44877242887c2f277aaa2d8) Importer(815301076,1909f56bfc062723c751e8b465ee728b)
Start importing Assets/pyramid.png using Guid(78c69425c44877242887c2f277aaa2d8) Importer(815301076,1909f56bfc062723c751e8b465ee728b)  -> (artifact id: 'c34378ae2dad0707a24ba6c9af53d1b5') in 0.147670 seconds 
========================================================================
Received Import Request.
  Time since last request: 0.494624 seconds.
  path: Assets/ViveController2.png
  artifactKey: Guid(b65b3548a53fdb14d903025b90e14457) Importer(815301076,1909f56bfc062723c751e8b465ee728b)
Start importing Assets/ViveController2.png using Guid(b65b3548a53fdb14d903025b90e14457) Importer(815301076,1909f56bfc062723c751e8b465ee728b)  -> (artifact id: '49e0bb7c3429e15b86142cd89e900bc6') in 0.011454 seconds 
========================================================================
Received Import Request.
  Time since last request: 3.714616 seconds.
  path: Assets/ViveController2.png
  artifactKey: Guid(b65b3548a53fdb14d903025b90e14457) Importer(815301076,1909f56bfc062723c751e8b465ee728b)
Start importing Assets/ViveController2.png using Guid(b65b3548a53fdb14d903025b90e14457) Importer(815301076,1909f56bfc062723c751e8b465ee728b)  -> (artifact id: '2aeb6b0b0b4965d78f232bfb6014d6f9') in 0.069261 seconds 
========================================================================
Received Import Request.
  Time since last request: 447.231194 seconds.
  path: Assets/interaciton.png
  artifactKey: Guid(5670a01f7753e0b42a6a783ec47f459f) Importer(815301076,1909f56bfc062723c751e8b465ee728b)
Start importing Assets/interaciton.png using Guid(5670a01f7753e0b42a6a783ec47f459f) Importer(815301076,1909f56bfc062723c751e8b465ee728b)  -> (artifact id: '1f36d88be9e61eace7e892f7e927c3d3') in 0.023189 seconds 
========================================================================
Received Import Request.
  Time since last request: 3.228239 seconds.
  path: Assets/interaciton.png
  artifactKey: Guid(5670a01f7753e0b42a6a783ec47f459f) Importer(815301076,1909f56bfc062723c751e8b465ee728b)
Start importing Assets/interaciton.png using Guid(5670a01f7753e0b42a6a783ec47f459f) Importer(815301076,1909f56bfc062723c751e8b465ee728b)  -> (artifact id: '43ecd19a5afbf683e63bac45198924c0') in 0.198482 seconds 
========================================================================
Received Import Request.
  Time since last request: 0.656296 seconds.
  path: Assets/interactionShadow.png
  artifactKey: Guid(ff20f45ac4654e74d8477e948cef2538) Importer(815301076,1909f56bfc062723c751e8b465ee728b)
Start importing Assets/interactionShadow.png using Guid(ff20f45ac4654e74d8477e948cef2538) Importer(815301076,1909f56bfc062723c751e8b465ee728b)  -> (artifact id: 'b40f072090e31d564152097a0103ecfa') in 0.012733 seconds 
========================================================================
Received Import Request.
  Time since last request: 3.789518 seconds.
  path: Assets/interactionShadow.png
  artifactKey: Guid(ff20f45ac4654e74d8477e948cef2538) Importer(815301076,1909f56bfc062723c751e8b465ee728b)
Start importing Assets/interactionShadow.png using Guid(ff20f45ac4654e74d8477e948cef2538) Importer(815301076,1909f56bfc062723c751e8b465ee728b)  -> (artifact id: '059e85051fd1539bdc9b3bf2d55934be') in 0.151885 seconds 
========================================================================
Received Import Request.
  Time since last request: 554.843133 seconds.
  path: Assets/creatureShadow.png
  artifactKey: Guid(74ebc7e379159a44b9c6f5e2bd8acbdd) Importer(815301076,1909f56bfc062723c751e8b465ee728b)
Start importing Assets/creatureShadow.png using Guid(74ebc7e379159a44b9c6f5e2bd8acbdd) Importer(815301076,1909f56bfc062723c751e8b465ee728b)  -> (artifact id: '595a37908825443decc4fb07f7145355') in 0.021392 seconds 
========================================================================
Received Import Request.
  Time since last request: 3.212093 seconds.
  path: Assets/creatureShadow.png
  artifactKey: Guid(74ebc7e379159a44b9c6f5e2bd8acbdd) Importer(815301076,1909f56bfc062723c751e8b465ee728b)
Start importing Assets/creatureShadow.png using Guid(74ebc7e379159a44b9c6f5e2bd8acbdd) Importer(815301076,1909f56bfc062723c751e8b465ee728b)  -> (artifact id: 'ace71dda4084fcf2b795ae25a4adb688') in 0.131673 seconds 
========================================================================
Received Import Request.
  Time since last request: 0.631489 seconds.
  path: Assets/creature.png
  artifactKey: Guid(a1c3892416170394dacd43e70dc9235d) Importer(815301076,1909f56bfc062723c751e8b465ee728b)
Start importing Assets/creature.png using Guid(a1c3892416170394dacd43e70dc9235d) Importer(815301076,1909f56bfc062723c751e8b465ee728b)  -> (artifact id: '47d4802d8406c71002908963067ad358') in 0.011075 seconds 
========================================================================
Received Import Request.
  Time since last request: 3.566607 seconds.
  path: Assets/creature.png
  artifactKey: Guid(a1c3892416170394dacd43e70dc9235d) Importer(815301076,1909f56bfc062723c751e8b465ee728b)
Start importing Assets/creature.png using Guid(a1c3892416170394dacd43e70dc9235d) Importer(815301076,1909f56bfc062723c751e8b465ee728b)  -> (artifact id: '7a2d1abb518432ce3aa3911470e67a32') in 0.160698 seconds 
========================================================================
Received Prepare
Registering precompiled user dll's ...
Registered in 0.008040 seconds.
Begin MonoManager ReloadAssembly
Symbol file LoadedFromMemory doesn't match image C:\Unity\P6\VR-multiplayer\networkplayerSpawner\Library\PackageCache\com.unity.visualscripting@1.8.0\Editor\VisualScripting.Core\Dependencies\DotNetZip\Unity.VisualScripting.IonicZip.dll
Symbol file LoadedFromMemory doesn't match image C:\Unity\P6\VR-multiplayer\networkplayerSpawner\Library\PackageCache\com.unity.visualscripting@1.8.0\Editor\VisualScripting.Core\Dependencies\YamlDotNet\Unity.VisualScripting.YamlDotNet.dll
Native extension for WindowsStandalone target not found
Native extension for Android target not found
Refreshing native plugins compatible for Editor in 0.89 ms, found 9 plugins.
Preloading 0 native plugins for Editor in 0.00 ms.
Mono: successfully reloaded assembly
- Completed reload, in  0.810 seconds
Domain Reload Profiling:
	ReloadAssembly (811ms)
		BeginReloadAssembly (104ms)
			ExecutionOrderSort (0ms)
			DisableScriptedObjects (3ms)
			BackupInstance (0ms)
			ReleaseScriptingObjects (0ms)
			CreateAndSetChildDomain (29ms)
		EndReloadAssembly (636ms)
			LoadAssemblies (75ms)
			RebuildTransferFunctionScriptingTraits (0ms)
			SetupTypeCache (173ms)
			ReleaseScriptCaches (1ms)
			RebuildScriptCaches (29ms)
			SetupLoadedEditorAssemblies (311ms)
				LogAssemblyErrors (0ms)
				InitializePlatformSupportModulesInManaged (12ms)
				SetLoadedEditorAssemblies (0ms)
				RefreshPlugins (1ms)
				BeforeProcessingInitializeOnLoad (63ms)
				ProcessInitializeOnLoadAttributes (174ms)
				ProcessInitializeOnLoadMethodAttributes (53ms)
				AfterProcessingInitializeOnLoad (8ms)
				EditorAssembliesLoaded (0ms)
			ExecutionOrderSort2 (0ms)
			AwakeInstancesAfterBackupRestoration (9ms)
Platform modules already initialized, skipping
Refreshing native plugins compatible for Editor in 4.21 ms, found 9 plugins.
Preloading 0 native plugins for Editor in 0.00 ms.
Unloading 5695 Unused Serialized files (Serialized files now loaded: 0)
Unloading 53 unused Assets / (0.7 MB). Loaded Objects now: 6298.
Memory consumption went from 224.3 MB to 223.6 MB.
Total: 3.284500 ms (FindLiveObjects: 0.325800 ms CreateObjectMapping: 0.151900 ms MarkObjects: 2.575300 ms  DeleteObjects: 0.231000 ms)

AssetImportParameters requested are different than current active one (requested -> active):
  custom:video-decoder-ogg-theora: a1e56fd34408186e4bbccfd4996cb3dc -> 
  custom:container-muxer-webm: aa71ff27fc2769a1b78a27578f13a17b -> 
  custom:container-demuxer-webm: 4f35f7cbe854078d1ac9338744f61a02 -> 
  custom:video-encoder-webm-vp8: eb34c28f22e8b96e1ab97ce403110664 -> 
  custom:audio-encoder-webm-vorbis: bf7c407c2cedff20999df2af8eb42d56 -> 
  custom:framework-win-MediaFoundation: 216162199b28c13a410421893ffa2e32 -> 
  custom:container-demuxer-ogg: 62fdf1f143b41e24485cea50d1cbac27 -> 
  custom:video-decoder-webm-vp8: 9c59270c3fd7afecdb556c50c9e8de78 -> 
  custom:audio-decoder-ogg-vorbis: bf7c407c2cedff20999df2af8eb42d56 -> 
